<?xml version="1.0" encoding="utf-8"?><testsuites name="pytest tests"><testsuite name="pytest" errors="0" failures="0" skipped="0" tests="20" time="4.890" timestamp="2026-08-31T16:15:44.833383+00:00" hostname="agent-env-290df638-9125-4947-a892-ab50a06ef2fd"><testcase classname="backend.tests.test_trustscore.TestAuth" name="test_login_business" time="0.329" /><testcase classname="backend.tests.test_trustscore.TestAuth" name="test_login_creator" time="0.234" /><testcase classname="backend.tests.test_trustscore.TestAuth" name="test_login_bad_password" time="0.240" /><testcase classname="backend.tests.test_trustscore.TestAuth" name="test_signup_rejects_admin" time="0.144" /><testcase classname="backend.tests.test_trustscore.TestAuth" name="test_signup_creator_ok" time="0.222" /><testcase classname="backend.tests.test_trustscore.TestCreators" name="test_list_creators_default" time="0.388" /><testcase classname="backend.tests.test_trustscore.TestCreators" name="test_search_filter" time="0.127" /><testcase classname="backend.tests.test_trustscore.TestCreators" name="test_verified_filter" time="0.119" /><testcase classname="backend.tests.test_trustscore.TestCreators" name="test_pagination" time="0.106" /><testcase classname="backend.tests.test_trustscore.TestSavedIsolation" name="test_saved_isolated_between_businesses" time="0.610" /><testcase classname="backend.tests.test_trustscore.TestCollaboration" name="test_business_creates_collab" time="0.118" /><testcase classname="backend.tests.test_trustscore.TestCollaboration" name="test_creator_can_get" time="0.928" /><testcase classname="backend.tests.test_trustscore.TestCollaboration" name="test_non_participant_business_forbidden" time="0.076" /><testcase classname="backend.tests.test_trustscore.TestCollaboration" name="test_creator_accepts" time="0.088" /><testcase classname="backend.tests.test_trustscore.TestCollaboration" name="test_invalid_transition" time="0.080" /><testcase classname="backend.tests.test_trustscore.TestMessaging" name="test_participants_can_message" time="0.182" /><testcase classname="backend.tests.test_trustscore.TestMessaging" name="test_non_participant_forbidden" time="0.090" /><testcase classname="backend.tests.test_trustscore.TestTrustScoreAudit" name="test_unauth_401" time="0.194" /><testcase classname="backend.tests.test_trustscore.TestTrustScoreAudit" name="test_analyze_alexfitness" time="0.113" /><testcase classname="backend.tests.test_trustscore.TestTrustScoreAudit" name="test_insufficient_data_new_creator" time="0.423" /></testsuite></testsuites>